<?xml version="1.0" encoding="UTF-8"?>
<!-- Generated by org.testng.reporters.JUnitXMLReporter -->
<testsuite ignored="0" hostname="DESKTOP-A59L0MA" failures="1" tests="1" name="Test(failed)" time="12.141" errors="0" timestamp="2024-12-09T17:49:03 IST">
  <testcase classname="testCases.TC_AccountLoginTest" name="verifyAccountLogin" time="6.515">
    <failure type="java.lang.AssertionError" message="expected [true] but found [false]">
      <![CDATA[java.lang.AssertionError: expected [true] but found [false]
at testCases.TC_AccountLoginTest.verifyAccountLogin(TC_AccountLoginTest.java:27)
at java.base/java.util.ArrayList.forEach(ArrayList.java:1511)
... Removed 31 stack frames]]>
    </failure>
  </testcase> <!-- verifyAccountLogin -->
</testsuite> <!-- Test(failed) -->
